{"/home/darya/frontend-project-46/src/index.js": {"path":"/home/darya/frontend-project-46/src/index.js","statementMap":{"0":{"start":{"line":6,"column":17},"end":{"line":10,"column":3}},"1":{"start":{"line":7,"column":17},"end":{"line":7,"column":30}},"2":{"start":{"line":8,"column":19},"end":{"line":8,"column":40}},"3":{"start":{"line":9,"column":4},"end":{"line":9,"column":18}},"4":{"start":{"line":11,"column":2},"end":{"line":13,"column":3}},"5":{"start":{"line":12,"column":4},"end":{"line":12,"column":30}},"6":{"start":{"line":14,"column":22},"end":{"line":14,"column":65}},"7":{"start":{"line":14,"column":32},"end":{"line":14,"column":65}},"8":{"start":{"line":15,"column":19},"end":{"line":15,"column":63}},"9":{"start":{"line":15,"column":33},"end":{"line":15,"column":63}},"10":{"start":{"line":17,"column":16},"end":{"line":17,"column":38}},"11":{"start":{"line":18,"column":16},"end":{"line":18,"column":31}},"12":{"start":{"line":20,"column":16},"end":{"line":20,"column":38}},"13":{"start":{"line":21,"column":16},"end":{"line":21,"column":31}},"14":{"start":{"line":23,"column":24},"end":{"line":23,"column":41}},"15":{"start":{"line":24,"column":24},"end":{"line":24,"column":41}},"16":{"start":{"line":26,"column":24},"end":{"line":26,"column":45}},"17":{"start":{"line":27,"column":24},"end":{"line":27,"column":45}},"18":{"start":{"line":28,"column":21},"end":{"line":28,"column":58}},"19":{"start":{"line":29,"column":27},"end":{"line":29,"column":47}},"20":{"start":{"line":31,"column":24},"end":{"line":31,"column":26}},"21":{"start":{"line":32,"column":2},"end":{"line":41,"column":5}},"22":{"start":{"line":33,"column":22},"end":{"line":33,"column":56}},"23":{"start":{"line":34,"column":4},"end":{"line":36,"column":5}},"24":{"start":{"line":35,"column":6},"end":{"line":35,"column":32}},"25":{"start":{"line":37,"column":4},"end":{"line":39,"column":5}},"26":{"start":{"line":38,"column":6},"end":{"line":38,"column":32}},"27":{"start":{"line":40,"column":4},"end":{"line":40,"column":35}},"28":{"start":{"line":43,"column":20},"end":{"line":43,"column":22}},"29":{"start":{"line":44,"column":2},"end":{"line":58,"column":5}},"30":{"start":{"line":45,"column":21},"end":{"line":45,"column":39}},"31":{"start":{"line":46,"column":4},"end":{"line":56,"column":5}},"32":{"start":{"line":47,"column":6},"end":{"line":51,"column":7}},"33":{"start":{"line":48,"column":8},"end":{"line":48,"column":41}},"34":{"start":{"line":50,"column":8},"end":{"line":50,"column":39}},"35":{"start":{"line":52,"column":11},"end":{"line":56,"column":5}},"36":{"start":{"line":53,"column":6},"end":{"line":53,"column":35}},"37":{"start":{"line":54,"column":11},"end":{"line":56,"column":5}},"38":{"start":{"line":55,"column":6},"end":{"line":55,"column":34}},"39":{"start":{"line":57,"column":4},"end":{"line":57,"column":30}},"40":{"start":{"line":60,"column":17},"end":{"line":79,"column":4}},"41":{"start":{"line":62,"column":4},"end":{"line":77,"column":5}},"42":{"start":{"line":64,"column":8},"end":{"line":64,"column":53}},"43":{"start":{"line":65,"column":8},"end":{"line":65,"column":14}},"44":{"start":{"line":67,"column":8},"end":{"line":67,"column":53}},"45":{"start":{"line":68,"column":8},"end":{"line":68,"column":14}},"46":{"start":{"line":70,"column":8},"end":{"line":70,"column":53}},"47":{"start":{"line":71,"column":8},"end":{"line":71,"column":14}},"48":{"start":{"line":73,"column":8},"end":{"line":73,"column":88}},"49":{"start":{"line":74,"column":8},"end":{"line":74,"column":14}},"50":{"start":{"line":76,"column":8},"end":{"line":76,"column":22}},"51":{"start":{"line":78,"column":4},"end":{"line":78,"column":18}},"52":{"start":{"line":80,"column":2},"end":{"line":80,"column":38}}},"fnMap":{"0":{"name":"(anonymous_0)","decl":{"start":{"line":5,"column":15},"end":{"line":5,"column":16}},"loc":{"start":{"line":5,"column":41},"end":{"line":82,"column":1}},"line":5},"1":{"name":"(anonymous_1)","decl":{"start":{"line":6,"column":17},"end":{"line":6,"column":18}},"loc":{"start":{"line":6,"column":25},"end":{"line":10,"column":3}},"line":6},"2":{"name":"(anonymous_2)","decl":{"start":{"line":14,"column":22},"end":{"line":14,"column":23}},"loc":{"start":{"line":14,"column":32},"end":{"line":14,"column":65}},"line":14},"3":{"name":"(anonymous_3)","decl":{"start":{"line":15,"column":19},"end":{"line":15,"column":20}},"loc":{"start":{"line":15,"column":33},"end":{"line":15,"column":63}},"line":15},"4":{"name":"(anonymous_4)","decl":{"start":{"line":32,"column":27},"end":{"line":32,"column":28}},"loc":{"start":{"line":32,"column":36},"end":{"line":41,"column":3}},"line":32},"5":{"name":"(anonymous_5)","decl":{"start":{"line":44,"column":27},"end":{"line":44,"column":28}},"loc":{"start":{"line":44,"column":36},"end":{"line":58,"column":3}},"line":44},"6":{"name":"(anonymous_6)","decl":{"start":{"line":60,"column":38},"end":{"line":60,"column":39}},"loc":{"start":{"line":60,"column":47},"end":{"line":79,"column":3}},"line":60}},"branchMap":{"0":{"loc":{"start":{"line":11,"column":2},"end":{"line":13,"column":3}},"type":"if","locations":[{"start":{"line":11,"column":2},"end":{"line":13,"column":3}},{"start":{},"end":{}}],"line":11},"1":{"loc":{"start":{"line":11,"column":6},"end":{"line":11,"column":66}},"type":"binary-expr","locations":[{"start":{"line":11,"column":6},"end":{"line":11,"column":34}},{"start":{"line":11,"column":38},"end":{"line":11,"column":66}}],"line":11},"2":{"loc":{"start":{"line":34,"column":4},"end":{"line":36,"column":5}},"type":"if","locations":[{"start":{"line":34,"column":4},"end":{"line":36,"column":5}},{"start":{},"end":{}}],"line":34},"3":{"loc":{"start":{"line":37,"column":4},"end":{"line":39,"column":5}},"type":"if","locations":[{"start":{"line":37,"column":4},"end":{"line":39,"column":5}},{"start":{},"end":{}}],"line":37},"4":{"loc":{"start":{"line":46,"column":4},"end":{"line":56,"column":5}},"type":"if","locations":[{"start":{"line":46,"column":4},"end":{"line":56,"column":5}},{"start":{"line":52,"column":11},"end":{"line":56,"column":5}}],"line":46},"5":{"loc":{"start":{"line":46,"column":8},"end":{"line":46,"column":84}},"type":"binary-expr","locations":[{"start":{"line":46,"column":8},"end":{"line":46,"column":44}},{"start":{"line":46,"column":48},"end":{"line":46,"column":84}}],"line":46},"6":{"loc":{"start":{"line":47,"column":6},"end":{"line":51,"column":7}},"type":"if","locations":[{"start":{"line":47,"column":6},"end":{"line":51,"column":7}},{"start":{"line":49,"column":13},"end":{"line":51,"column":7}}],"line":47},"7":{"loc":{"start":{"line":52,"column":11},"end":{"line":56,"column":5}},"type":"if","locations":[{"start":{"line":52,"column":11},"end":{"line":56,"column":5}},{"start":{"line":54,"column":11},"end":{"line":56,"column":5}}],"line":52},"8":{"loc":{"start":{"line":54,"column":11},"end":{"line":56,"column":5}},"type":"if","locations":[{"start":{"line":54,"column":11},"end":{"line":56,"column":5}},{"start":{},"end":{}}],"line":54},"9":{"loc":{"start":{"line":62,"column":4},"end":{"line":77,"column":5}},"type":"switch","locations":[{"start":{"line":63,"column":6},"end":{"line":65,"column":14}},{"start":{"line":66,"column":6},"end":{"line":68,"column":14}},{"start":{"line":69,"column":6},"end":{"line":71,"column":14}},{"start":{"line":72,"column":6},"end":{"line":74,"column":14}},{"start":{"line":75,"column":6},"end":{"line":76,"column":22}}],"line":62}},"s":{"0":1,"1":2,"2":2,"3":2,"4":1,"5":0,"6":1,"7":2,"8":1,"9":2,"10":1,"11":1,"12":1,"13":1,"14":1,"15":1,"16":1,"17":1,"18":1,"19":1,"20":1,"21":1,"22":5,"23":5,"24":4,"25":5,"26":3,"27":5,"28":1,"29":1,"30":5,"31":5,"32":2,"33":1,"34":1,"35":3,"36":2,"37":1,"38":1,"39":5,"40":1,"41":5,"42":2,"43":2,"44":1,"45":1,"46":1,"47":1,"48":1,"49":1,"50":0,"51":5,"52":1},"f":{"0":1,"1":2,"2":2,"3":2,"4":5,"5":5,"6":5},"b":{"0":[0,1],"1":[1,1],"2":[4,1],"3":[3,2],"4":[2,3],"5":[5,4],"6":[1,1],"7":[2,1],"8":[1,0],"9":[2,1,1,1,0]},"_coverageSchema":"1a1c01bbd47fc00a2c39e90264f33305004495a9","hash":"fec6523a018628fd199c7cc8c77816ef3d2b21b5"}
}
