TN:
SF:src/index.js
FN:5,(anonymous_0)
FN:6,(anonymous_1)
FN:14,(anonymous_2)
FN:15,(anonymous_3)
FN:32,(anonymous_4)
FN:44,(anonymous_5)
FN:60,(anonymous_6)
FNF:7
FNH:7
FNDA:1,(anonymous_0)
FNDA:2,(anonymous_1)
FNDA:2,(anonymous_2)
FNDA:2,(anonymous_3)
FNDA:5,(anonymous_4)
FNDA:5,(anonymous_5)
FNDA:5,(anonymous_6)
DA:6,1
DA:7,2
DA:8,2
DA:9,2
DA:11,1
DA:12,0
DA:14,2
DA:15,2
DA:17,1
DA:18,1
DA:20,1
DA:21,1
DA:23,1
DA:24,1
DA:26,1
DA:27,1
DA:28,1
DA:29,1
DA:31,1
DA:32,1
DA:33,5
DA:34,5
DA:35,4
DA:37,5
DA:38,3
DA:40,5
DA:43,1
DA:44,1
DA:45,5
DA:46,5
DA:47,2
DA:48,1
DA:50,1
DA:52,3
DA:53,2
DA:54,1
DA:55,1
DA:57,5
DA:60,1
DA:62,5
DA:64,2
DA:65,2
DA:67,1
DA:68,1
DA:70,1
DA:71,1
DA:73,1
DA:74,1
DA:76,0
DA:78,5
DA:80,1
LF:51
LH:49
BRDA:11,0,0,0
BRDA:11,0,1,1
BRDA:11,1,0,1
BRDA:11,1,1,1
BRDA:34,2,0,4
BRDA:34,2,1,1
BRDA:37,3,0,3
BRDA:37,3,1,2
BRDA:46,4,0,2
BRDA:46,4,1,3
BRDA:46,5,0,5
BRDA:46,5,1,4
BRDA:47,6,0,1
BRDA:47,6,1,1
BRDA:52,7,0,2
BRDA:52,7,1,1
BRDA:54,8,0,1
BRDA:54,8,1,0
BRDA:62,9,0,2
BRDA:62,9,1,1
BRDA:62,9,2,1
BRDA:62,9,3,1
BRDA:62,9,4,0
BRF:23
BRH:20
end_of_record
